<?xml version="1.0" encoding="UTF-8"?>
<!-- Generated by org.testng.reporters.JUnitXMLReporter -->
<testsuite ignored="0" hostname="DESKTOP-DT297E4" failures="0" tests="5" name="Test" time="78.72" errors="0" timestamp="2022-08-29T16:55:48 IST">
  <testcase classname="testCases.TC_001_AccountRegistrationtTest" name="test_account_Registration" time="6.781"/>
  <testcase classname="testCases.TC_002_LoginTest" name="test_Login" time="1.85"/>
  <testcase classname="testCases.TC_004_SearchProductTest" name="test_pruductSearch" time="1.239"/>
  <testcase classname="testCases.TC_005_AddToCartPageTest" name="test_addToCart" time="4.243"/>
  <testcase classname="testCases.TC_006_EndToEndTest" name="endToendTest" time="44.704"/>
</testsuite> <!-- Test -->
