<?xml version="1.0" encoding="UTF-8"?>
<testng-results ignored="0" total="1" passed="1" failed="0" skipped="0">
  <reporter-output>
  </reporter-output>
  <suite started-at="2022-08-29T15:41:32 IST" name="Suite" finished-at="2022-08-29T15:42:34 IST" duration-ms="61847">
    <groups>
    </groups>
    <test started-at="2022-08-29T15:41:32 IST" name="Test" finished-at="2022-08-29T15:42:34 IST" duration-ms="61847">
      <class name="testCases.TC_006_EndToEndTest">
        <test-method is-config="true" signature="setup(java.lang.String)[pri:0, instance:testCases.TC_006_EndToEndTest@783a467b]" started-at="2022-08-29T15:41:33 IST" name="setup" finished-at="2022-08-29T15:41:44 IST" duration-ms="11040" status="PASS">
          <params>
            <param index="0">
              <value>
                <![CDATA[chrome]]>
              </value>
            </param>
          </params>
          <reporter-output>
          </reporter-output>
        </test-method> <!-- setup -->
        <test-method signature="endToendTest()[pri:0, instance:testCases.TC_006_EndToEndTest@783a467b]" started-at="2022-08-29T15:41:44 IST" name="endToendTest" finished-at="2022-08-29T15:42:34 IST" duration-ms="49860" status="PASS">
          <reporter-output>
          </reporter-output>
        </test-method> <!-- endToendTest -->
        <test-method is-config="true" signature="teadDown()[pri:0, instance:testCases.TC_006_EndToEndTest@783a467b]" started-at="2022-08-29T15:42:34 IST" name="teadDown" finished-at="2022-08-29T15:42:34 IST" duration-ms="314" status="PASS">
          <reporter-output>
          </reporter-output>
        </test-method> <!-- teadDown -->
      </class> <!-- testCases.TC_006_EndToEndTest -->
    </test> <!-- Test -->
  </suite> <!-- Suite -->
</testng-results>
