<?xml version="1.0" encoding="UTF-8"?>
<testng-results ignored="0" total="5" passed="5" failed="0" skipped="0">
  <reporter-output>
  </reporter-output>
  <suite started-at="2022-08-29T16:54:28 IST" name="Suite" finished-at="2022-08-29T16:55:47 IST" duration-ms="78720">
    <groups>
      <group name="Master">
        <method signature="TC_001_AccountRegistrationtTest.test_account_Registration()[pri:0, instance:testCases.TC_001_AccountRegistrationtTest@942a29c]" name="test_account_Registration" class="testCases.TC_001_AccountRegistrationtTest"/>
        <method signature="TC_002_LoginTest.test_Login()[pri:0, instance:testCases.TC_002_LoginTest@576d5deb]" name="test_Login" class="testCases.TC_002_LoginTest"/>
      </group> <!-- Master -->
      <group name="Sanity">
        <method signature="TC_002_LoginTest.test_Login()[pri:0, instance:testCases.TC_002_LoginTest@576d5deb]" name="test_Login" class="testCases.TC_002_LoginTest"/>
      </group> <!-- Sanity -->
      <group name="Regression">
        <method signature="TC_001_AccountRegistrationtTest.test_account_Registration()[pri:0, instance:testCases.TC_001_AccountRegistrationtTest@942a29c]" name="test_account_Registration" class="testCases.TC_001_AccountRegistrationtTest"/>
      </group> <!-- Regression -->
    </groups>
    <test started-at="2022-08-29T16:54:28 IST" name="Test" finished-at="2022-08-29T16:55:47 IST" duration-ms="78720">
      <class name="testCases.TC_001_AccountRegistrationtTest">
        <test-method is-config="true" signature="setup(java.lang.String)[pri:0, instance:testCases.TC_001_AccountRegistrationtTest@942a29c]" started-at="2022-08-29T16:54:29 IST" name="setup" finished-at="2022-08-29T16:54:35 IST" duration-ms="6442" status="PASS">
          <params>
            <param index="0">
              <value>
                <![CDATA[chrome]]>
              </value>
            </param>
          </params>
          <reporter-output>
          </reporter-output>
        </test-method> <!-- setup -->
        <test-method signature="test_account_Registration()[pri:0, instance:testCases.TC_001_AccountRegistrationtTest@942a29c]" started-at="2022-08-29T16:54:35 IST" name="test_account_Registration" finished-at="2022-08-29T16:54:42 IST" duration-ms="6781" status="PASS">
          <reporter-output>
          </reporter-output>
        </test-method> <!-- test_account_Registration -->
        <test-method is-config="true" signature="teadDown()[pri:0, instance:testCases.TC_001_AccountRegistrationtTest@942a29c]" started-at="2022-08-29T16:54:42 IST" name="teadDown" finished-at="2022-08-29T16:54:43 IST" duration-ms="374" status="PASS">
          <reporter-output>
          </reporter-output>
        </test-method> <!-- teadDown -->
      </class> <!-- testCases.TC_001_AccountRegistrationtTest -->
      <class name="testCases.TC_002_LoginTest">
        <test-method is-config="true" signature="setup(java.lang.String)[pri:0, instance:testCases.TC_002_LoginTest@576d5deb]" started-at="2022-08-29T16:54:43 IST" name="setup" finished-at="2022-08-29T16:54:45 IST" duration-ms="2851" status="PASS">
          <params>
            <param index="0">
              <value>
                <![CDATA[chrome]]>
              </value>
            </param>
          </params>
          <reporter-output>
          </reporter-output>
        </test-method> <!-- setup -->
        <test-method signature="test_Login()[pri:0, instance:testCases.TC_002_LoginTest@576d5deb]" started-at="2022-08-29T16:54:45 IST" name="test_Login" finished-at="2022-08-29T16:54:47 IST" duration-ms="1850" status="PASS">
          <reporter-output>
          </reporter-output>
        </test-method> <!-- test_Login -->
        <test-method is-config="true" signature="teadDown()[pri:0, instance:testCases.TC_002_LoginTest@576d5deb]" started-at="2022-08-29T16:54:47 IST" name="teadDown" finished-at="2022-08-29T16:54:48 IST" duration-ms="248" status="PASS">
          <reporter-output>
          </reporter-output>
        </test-method> <!-- teadDown -->
      </class> <!-- testCases.TC_002_LoginTest -->
      <class name="testCases.TC_005_AddToCartPageTest">
        <test-method is-config="true" signature="setup(java.lang.String)[pri:0, instance:testCases.TC_005_AddToCartPageTest@70e9c95d]" started-at="2022-08-29T16:54:52 IST" name="setup" finished-at="2022-08-29T16:54:55 IST" duration-ms="2848" status="PASS">
          <params>
            <param index="0">
              <value>
                <![CDATA[chrome]]>
              </value>
            </param>
          </params>
          <reporter-output>
          </reporter-output>
        </test-method> <!-- setup -->
        <test-method signature="test_addToCart()[pri:0, instance:testCases.TC_005_AddToCartPageTest@70e9c95d]" started-at="2022-08-29T16:54:55 IST" name="test_addToCart" finished-at="2022-08-29T16:54:59 IST" duration-ms="4243" status="PASS">
          <reporter-output>
          </reporter-output>
        </test-method> <!-- test_addToCart -->
        <test-method is-config="true" signature="teadDown()[pri:0, instance:testCases.TC_005_AddToCartPageTest@70e9c95d]" started-at="2022-08-29T16:54:59 IST" name="teadDown" finished-at="2022-08-29T16:54:59 IST" duration-ms="303" status="PASS">
          <reporter-output>
          </reporter-output>
        </test-method> <!-- teadDown -->
      </class> <!-- testCases.TC_005_AddToCartPageTest -->
      <class name="testCases.TC_004_SearchProductTest">
        <test-method is-config="true" signature="setup(java.lang.String)[pri:0, instance:testCases.TC_004_SearchProductTest@2e3967ea]" started-at="2022-08-29T16:54:48 IST" name="setup" finished-at="2022-08-29T16:54:50 IST" duration-ms="2810" status="PASS">
          <params>
            <param index="0">
              <value>
                <![CDATA[chrome]]>
              </value>
            </param>
          </params>
          <reporter-output>
          </reporter-output>
        </test-method> <!-- setup -->
        <test-method signature="test_pruductSearch()[pri:0, instance:testCases.TC_004_SearchProductTest@2e3967ea]" started-at="2022-08-29T16:54:50 IST" name="test_pruductSearch" finished-at="2022-08-29T16:54:52 IST" duration-ms="1239" status="PASS">
          <reporter-output>
          </reporter-output>
        </test-method> <!-- test_pruductSearch -->
        <test-method is-config="true" signature="teadDown()[pri:0, instance:testCases.TC_004_SearchProductTest@2e3967ea]" started-at="2022-08-29T16:54:52 IST" name="teadDown" finished-at="2022-08-29T16:54:52 IST" duration-ms="304" status="PASS">
          <reporter-output>
          </reporter-output>
        </test-method> <!-- teadDown -->
      </class> <!-- testCases.TC_004_SearchProductTest -->
      <class name="testCases.TC_006_EndToEndTest">
        <test-method is-config="true" signature="setup(java.lang.String)[pri:0, instance:testCases.TC_006_EndToEndTest@4d5650ae]" started-at="2022-08-29T16:54:59 IST" name="setup" finished-at="2022-08-29T16:55:02 IST" duration-ms="2830" status="PASS">
          <params>
            <param index="0">
              <value>
                <![CDATA[chrome]]>
              </value>
            </param>
          </params>
          <reporter-output>
          </reporter-output>
        </test-method> <!-- setup -->
        <test-method signature="endToendTest()[pri:0, instance:testCases.TC_006_EndToEndTest@4d5650ae]" started-at="2022-08-29T16:55:02 IST" name="endToendTest" finished-at="2022-08-29T16:55:47 IST" duration-ms="44704" status="PASS">
          <reporter-output>
          </reporter-output>
        </test-method> <!-- endToendTest -->
        <test-method is-config="true" signature="teadDown()[pri:0, instance:testCases.TC_006_EndToEndTest@4d5650ae]" started-at="2022-08-29T16:55:47 IST" name="teadDown" finished-at="2022-08-29T16:55:47 IST" duration-ms="310" status="PASS">
          <reporter-output>
          </reporter-output>
        </test-method> <!-- teadDown -->
      </class> <!-- testCases.TC_006_EndToEndTest -->
    </test> <!-- Test -->
  </suite> <!-- Suite -->
</testng-results>
